  utility.cpp
c:\users\haker\desktop\chusic_v2\chusic_v2\projects\utility\clients.h(58): warning C4267: =: преобразование из "size_t" в "int"; возможна потеря данных
c:\users\haker\desktop\chusic_v2\chusic_v2\projects\utility\clients.h(62): warning C4267: =: преобразование из "size_t" в "int"; возможна потеря данных
c:\users\haker\desktop\chusic_v2\chusic_v2\projects\utility\clients.h(66): warning C4267: =: преобразование из "size_t" в "int"; возможна потеря данных
c:\users\haker\desktop\chusic_v2\chusic_v2\projects\utility\clients.h(70): warning C4267: =: преобразование из "size_t" в "int"; возможна потеря данных
c:\users\haker\desktop\chusic_v2\chusic_v2\projects\utility\clients.h(88): warning C4477: "printf": в строке форматирования "%u" требуется аргумент типа "unsigned int", но вариативный аргумент "1" имеет тип "std::size_t"
  c:\users\haker\desktop\chusic_v2\chusic_v2\projects\utility\clients.h(88): note: рекомендуется использовать "%zu" в строке форматирования
c:\users\haker\desktop\chusic_v2\chusic_v2\projects\utility\clients.h(174): warning C4477: "fscanf": в строке форматирования "%d" требуется аргумент типа "int *", но вариативный аргумент "1" имеет тип "size_t *"
  c:\users\haker\desktop\chusic_v2\chusic_v2\projects\utility\clients.h(174): note: рекомендуется использовать "%zd" в строке форматирования
c:\users\haker\desktop\chusic_v2\chusic_v2\projects\utility\clients.h(208): warning C4477: "fprintf": в строке форматирования "%d" требуется аргумент типа "int", но вариативный аргумент "1" имеет тип "std::size_t"
  c:\users\haker\desktop\chusic_v2\chusic_v2\projects\utility\clients.h(208): note: рекомендуется использовать "%zd" в строке форматирования
utility.cpp(105): warning C4267: аргумент: преобразование из "size_t" в "int"; возможна потеря данных
utility.cpp(113): warning C4267: аргумент: преобразование из "size_t" в "int"; возможна потеря данных
utility.cpp(121): warning C4267: аргумент: преобразование из "size_t" в "int"; возможна потеря данных
utility.cpp(85): warning C4477: "scanf": в строке форматирования "%d" требуется аргумент типа "int *", но вариативный аргумент "1" имеет тип "size_t *"
  utility.cpp(85): note: рекомендуется использовать "%zd" в строке форматирования
utility.cpp(104): warning C4477: "scanf": в строке форматирования "%d" требуется аргумент типа "int *", но вариативный аргумент "1" имеет тип "size_t *"
  utility.cpp(104): note: рекомендуется использовать "%zd" в строке форматирования
utility.cpp(111): warning C4477: "scanf": в строке форматирования "%d" требуется аргумент типа "int *", но вариативный аргумент "1" имеет тип "size_t *"
  utility.cpp(111): note: рекомендуется использовать "%zd" в строке форматирования
utility.cpp(119): warning C4477: "scanf": в строке форматирования "%d" требуется аргумент типа "int *", но вариативный аргумент "1" имеет тип "size_t *"
  utility.cpp(119): note: рекомендуется использовать "%zd" в строке форматирования
utility.cpp(233): warning C4267: =: преобразование из "size_t" в "int"; возможна потеря данных
utility.cpp(252): warning C4267: инициализация: преобразование из "size_t" в "int"; возможна потеря данных
utility.cpp(296): warning C4267: инициализация: преобразование из "size_t" в "int"; возможна потеря данных
utility.cpp(244): warning C4477: "printf": в строке форматирования "%s" требуется аргумент типа "char *", но вариативный аргумент "1" имеет тип "std::string"
utility.cpp(354): warning C4267: инициализация: преобразование из "size_t" в "int"; возможна потеря данных
utility.cpp(394): warning C4267: инициализация: преобразование из "size_t" в "int"; возможна потеря данных
utility.cpp(346): warning C4477: "printf": в строке форматирования "%s" требуется аргумент типа "char *", но вариативный аргумент "1" имеет тип "std::string"
utility.cpp(422): warning C4267: инициализация: преобразование из "size_t" в "int"; возможна потеря данных
  Создание кода
  2 of 324 functions ( 0.6%) were compiled, the rest were copied from previous compilation.
    0 functions were new in current compilation
    1 functions had inline decision re-evaluated but remain unchanged
  Создание кода завершено
  Utility.vcxproj -> C:\Users\haker\Desktop\CHUSIC_V2\x64\Release\Utility.exe
  Utility.vcxproj -> C:\Users\haker\Desktop\CHUSIC_V2\x64\Release\Utility.pdb (Full PDB)
